{
  "stats": {
    "suites": 1,
    "tests": 5,
    "passes": 5,
    "pending": 0,
    "failures": 0,
    "start": "2023-08-05T12:08:07.407Z",
    "end": "2023-08-05T12:08:08.580Z",
    "duration": 1173,
    "testsRegistered": 5,
    "passPercent": 100,
    "pendingPercent": 0,
    "other": 0,
    "hasOther": false,
    "skipped": 0,
    "hasSkipped": false
  },
  "results": [
    {
      "uuid": "dc960f4a-07a9-4ea7-8211-23406a4033a0",
      "title": "",
      "fullFile": "cypress/e2e/home.cy.ts",
      "file": "cypress/e2e/home.cy.ts",
      "beforeHooks": [],
      "afterHooks": [],
      "tests": [],
      "suites": [
        {
          "uuid": "89ab4f69-05ee-4f63-bce8-e7c2785888a9",
          "title": "Ponyracer",
          "fullFile": "",
          "file": "",
          "beforeHooks": [],
          "afterHooks": [],
          "tests": [
            {
              "title": "should display title on home page",
              "fullTitle": "Ponyracer should display title on home page",
              "timedOut": null,
              "duration": 433,
              "state": "passed",
              "speed": "fast",
              "pass": true,
              "fail": false,
              "pending": false,
              "context": null,
              "code": "cy.visit('/');\ncy.contains('h1', 'Ponyracer');",
              "err": {},
              "uuid": "5173d500-3869-41b1-bc63-a0b30d3eba73",
              "parentUUID": "89ab4f69-05ee-4f63-bce8-e7c2785888a9",
              "isHook": false,
              "skipped": false
            },
            {
              "title": "should display a navbar",
              "fullTitle": "Ponyracer should display a navbar",
              "timedOut": null,
              "duration": 150,
              "state": "passed",
              "speed": "fast",
              "pass": true,
              "fail": false,
              "pending": false,
              "context": null,
              "code": "cy.visit('/');\ncy.contains(navbarBrand, 'PonyRacer');\ncy.contains(navbarLink, 'Races');",
              "err": {},
              "uuid": "2a99ab41-c8c5-4916-8e56-061e58b94a5d",
              "parentUUID": "89ab4f69-05ee-4f63-bce8-e7c2785888a9",
              "isHook": false,
              "skipped": false
            },
            {
              "title": "should display a navbar collapsed on small screen",
              "fullTitle": "Ponyracer should display a navbar collapsed on small screen",
              "timedOut": null,
              "duration": 240,
              "state": "passed",
              "speed": "fast",
              "pass": true,
              "fail": false,
              "pending": false,
              "context": null,
              "code": "cy.viewport('iphone-6+');\ncy.visit('/');\ncy.contains(navbarBrand, 'PonyRacer');\ncy.get(navbarLink).should('not.be.visible');\n// toggle the navbar\ncy.get('.navbar-toggler').click();\ncy.get(navbarLink).should('be.visible');",
              "err": {},
              "uuid": "6f39cf59-9d0d-4d78-9a94-53804cb4a19b",
              "parentUUID": "89ab4f69-05ee-4f63-bce8-e7c2785888a9",
              "isHook": false,
              "skipped": false
            },
            {
              "title": "should display a race list",
              "fullTitle": "Ponyracer should display a race list",
              "timedOut": null,
              "duration": 138,
              "state": "passed",
              "speed": "fast",
              "pass": true,
              "fail": false,
              "pending": false,
              "context": null,
              "code": "cy.visit('/');\ncy.get('h2').should('have.length', 2);",
              "err": {},
              "uuid": "6885834f-b705-42a9-8eff-212a7eee2703",
              "parentUUID": "89ab4f69-05ee-4f63-bce8-e7c2785888a9",
              "isHook": false,
              "skipped": false
            },
            {
              "title": "should display ponies",
              "fullTitle": "Ponyracer should display ponies",
              "timedOut": null,
              "duration": 179,
              "state": "passed",
              "speed": "fast",
              "pass": true,
              "fail": false,
              "pending": false,
              "context": null,
              "code": "cy.visit('/');\ncy.get('figure').should('have.length', 10);\ncy.get('img').should('have.length', 10);\ncy.get('figcaption').should('have.length', 10);",
              "err": {},
              "uuid": "fd6da699-f184-4e20-9c50-700778e2af6e",
              "parentUUID": "89ab4f69-05ee-4f63-bce8-e7c2785888a9",
              "isHook": false,
              "skipped": false
            }
          ],
          "suites": [],
          "passes": [
            "5173d500-3869-41b1-bc63-a0b30d3eba73",
            "2a99ab41-c8c5-4916-8e56-061e58b94a5d",
            "6f39cf59-9d0d-4d78-9a94-53804cb4a19b",
            "6885834f-b705-42a9-8eff-212a7eee2703",
            "fd6da699-f184-4e20-9c50-700778e2af6e"
          ],
          "failures": [],
          "pending": [],
          "skipped": [],
          "duration": 1140,
          "root": false,
          "rootEmpty": false,
          "_timeout": 2000
        }
      ],
      "passes": [],
      "failures": [],
      "pending": [],
      "skipped": [],
      "duration": 0,
      "root": true,
      "rootEmpty": true,
      "_timeout": 2000
    }
  ],
  "meta": {
    "mocha": {
      "version": "7.0.1"
    },
    "mochawesome": {
      "options": {
        "quiet": false,
        "reportFilename": "mochawesome",
        "saveHtml": false,
        "saveJson": true,
        "consoleReporter": "spec",
        "useInlineDiffs": false,
        "code": true
      },
      "version": "7.1.3"
    },
    "marge": {
      "options": {
        "reportDir": "results/mochawesome",
        "overwrite": false,
        "html": false,
        "json": true
      },
      "version": "6.2.0"
    }
  }
}